<?xml version="1.0" encoding="UTF-8"?>
<!-- Generated by org.testng.reporters.JUnitXMLReporter -->
<testsuite hostname="LM-AUN-00873593" name="Default test" tests="4" failures="0" timestamp="23 Jan 2014 19:54:54 GMT" time="0.027" errors="0">
  <testcase name="getNumOfAcctTest" time="0.0060" classname="com.paypal.core.ConfigManagerTest"/>
  <testcase name="getValueTest" time="0.0020" classname="com.paypal.core.ConfigManagerTest"/>
  <testcase name="getValuesByCategoryTest" time="0.0" classname="com.paypal.core.ConfigManagerTest"/>
  <testcase name="loadTest" time="0.0010" classname="com.paypal.core.ConfigManagerTest"/>
</testsuite> <!-- Default test -->
