<?xml version="1.0" encoding="UTF-8"?>
<testng-results skipped="0" failed="0" total="4" passed="4">
  <reporter-output>
  </reporter-output>
  <suite name="Default suite" duration-ms="27" started-at="2014-01-23T19:54:54Z" finished-at="2014-01-23T19:54:54Z">
    <groups>
    </groups>
    <test name="Default test" duration-ms="27" started-at="2014-01-23T19:54:54Z" finished-at="2014-01-23T19:54:54Z">
      <class name="com.paypal.core.ConfigManagerTest">
        <test-method status="PASS" signature="getNumOfAcctTest(com.paypal.core.ConfigManager)[pri:0, instance:com.paypal.core.ConfigManagerTest@4c331059]" name="getNumOfAcctTest" duration-ms="6" started-at="2014-01-23T11:54:54Z" data-provider="configParams" finished-at="2014-01-23T11:54:54Z">
          <params>
            <param index="0">
              <value>
                <![CDATA[com.paypal.core.ConfigManager@68814013]]>
              </value>
            </param>
          </params>
          <reporter-output>
          </reporter-output>
        </test-method> <!-- getNumOfAcctTest -->
        <test-method status="PASS" signature="getValueTest(com.paypal.core.ConfigManager)[pri:0, instance:com.paypal.core.ConfigManagerTest@4c331059]" name="getValueTest" duration-ms="2" started-at="2014-01-23T11:54:54Z" data-provider="configParams" finished-at="2014-01-23T11:54:54Z">
          <params>
            <param index="0">
              <value>
                <![CDATA[com.paypal.core.ConfigManager@68814013]]>
              </value>
            </param>
          </params>
          <reporter-output>
          </reporter-output>
        </test-method> <!-- getValueTest -->
        <test-method status="PASS" signature="getValuesByCategoryTest(com.paypal.core.ConfigManager)[pri:0, instance:com.paypal.core.ConfigManagerTest@4c331059]" name="getValuesByCategoryTest" duration-ms="0" started-at="2014-01-23T11:54:54Z" data-provider="configParams" finished-at="2014-01-23T11:54:54Z">
          <params>
            <param index="0">
              <value>
                <![CDATA[com.paypal.core.ConfigManager@68814013]]>
              </value>
            </param>
          </params>
          <reporter-output>
          </reporter-output>
        </test-method> <!-- getValuesByCategoryTest -->
        <test-method status="PASS" signature="loadTest(com.paypal.core.ConfigManager)[pri:0, instance:com.paypal.core.ConfigManagerTest@4c331059]" name="loadTest" duration-ms="1" started-at="2014-01-23T11:54:54Z" data-provider="configParams" finished-at="2014-01-23T11:54:54Z">
          <params>
            <param index="0">
              <value>
                <![CDATA[com.paypal.core.ConfigManager@68814013]]>
              </value>
            </param>
          </params>
          <reporter-output>
          </reporter-output>
        </test-method> <!-- loadTest -->
      </class> <!-- com.paypal.core.ConfigManagerTest -->
    </test> <!-- Default test -->
  </suite> <!-- Default suite -->
</testng-results>
